<?xml version="1.0" encoding="UTF-8"?>
<!-- Generated by org.testng.reporters.JUnitXMLReporter -->
<testsuite ignored="0" hostname="DESKTOP-HLCFM06" failures="1" tests="1" name="chrometest" time="42.311" errors="0" timestamp="02 Jul 2023 08:41:24 GMT">
  <testcase classname="com.qa.testscripts.LoginTest" name="verifyUserIsAbleToLoginWithValidCredentials" time="13.076">
    <failure type="java.lang.AssertionError" message="test Failed expected [Logged In Successfully] but found [×
Logged In Successfully]">
      <![CDATA[java.lang.AssertionError: test Failed expected [Logged In Successfully] but found [×
Logged In Successfully]
at com.qa.testscripts.LoginTest.verifyUserIsAbleToLoginWithValidCredentials(LoginTest.java:35)
... Removed 30 stack frames]]>
    </failure>
  </testcase> <!-- verifyUserIsAbleToLoginWithValidCredentials -->
</testsuite> <!-- chrometest -->
